<?xml version="1.0" encoding="UTF-8"?>
<!-- Generated by org.testng.reporters.JUnitReportReporter -->
<testsuite skipped="0" hostname="DESKTOP-S16N51Q" name="com.orangehrm.test.OrganisationModule" tests="1" failures="0" timestamp="11 Feb 2021 07:47:39 GMT" time="11.335" errors="0">
  <testcase name="testEditOrganisation" time="11.335" classname="com.orangehrm.test.OrganisationModule"/>
</testsuite> <!-- com.orangehrm.test.OrganisationModule -->
